<?xml version="1.0" encoding="UTF-8" ?>
<testsuite errors="0" failures="0" hostname="paulo-gabriel-lopes-poiatis-imac-2.local" name="com.gmongo.DBTest" tests="10" time="0.034" timestamp="2010-06-19T23:35:55">
  <properties />
  <testcase classname="com.gmongo.DBTest" name="testGetCollection" time="0.0020" />
  <testcase classname="com.gmongo.DBTest" name="testGetCollectionFromFull" time="0.0020" />
  <testcase classname="com.gmongo.DBTest" name="testGetCollectionFromString" time="0.0020" />
  <testcase classname="com.gmongo.DBTest" name="testGetCollecionGroovy" time="0.0040" />
  <testcase classname="com.gmongo.DBTest" name="testGetLastError" time="0.0020" />
  <testcase classname="com.gmongo.DBTest" name="testExecuteCommand" time="0.0020" />
  <testcase classname="com.gmongo.DBTest" name="testExecuteCommandString" time="0.0020" />
  <testcase classname="com.gmongo.DBTest" name="testInRequestMock" time="0.0080" />
  <testcase classname="com.gmongo.DBTest" name="testInRequest" time="0.0060" />
  <testcase classname="com.gmongo.DBTest" name="testNothing" time="0.0010" />
  <system-out><![CDATA[]]></system-out>
  <system-err><![CDATA[]]></system-err>
</testsuite>
