<?xml version="1.0" encoding="UTF-8" ?>
<testsuite errors="0" failures="0" hostname="paulo-gabriel-lopes-poiatis-imac-2.local" name="com.gmongo.IntegrationTestCase" tests="1" time="0.0010" timestamp="2010-06-19T23:35:55">
  <properties />
  <testcase classname="com.gmongo.IntegrationTestCase" name="testNothing" time="0.0" />
  <system-out><![CDATA[]]></system-out>
  <system-err><![CDATA[]]></system-err>
</testsuite>
