<?xml version="1.0" encoding="UTF-8" ?>
<testsuite errors="0" failures="0" hostname="paulo-gabriel-lopes-poiatis-imac-2.local" name="com.gmongo.MapReduceTest" tests="1" time="5.296" timestamp="2010-06-19T23:35:55">
  <properties />
  <testcase classname="com.gmongo.MapReduceTest" name="testMapReduce" time="5.294" />
  <system-out><![CDATA[]]></system-out>
  <system-err><![CDATA[]]></system-err>
</testsuite>
