<?xml version="1.0" encoding="UTF-8" ?>
<testsuite errors="0" failures="0" hostname="paulo-gabriel-lopes-poiatis-imac-2.local" name="com.gmongo.GMongoTest" tests="4" time="0.017" timestamp="2010-06-19T23:35:55">
  <properties />
  <testcase classname="com.gmongo.GMongoTest" name="testGetDbGroovy" time="0.0080" />
  <testcase classname="com.gmongo.GMongoTest" name="testGetDb" time="0.0020" />
  <testcase classname="com.gmongo.GMongoTest" name="testStaticConnect" time="0.0030" />
  <testcase classname="com.gmongo.GMongoTest" name="testNothing" time="0.0010" />
  <system-out><![CDATA[]]></system-out>
  <system-err><![CDATA[]]></system-err>
</testsuite>
