<?xml version="1.0" encoding="UTF-8" ?>
<testsuite errors="0" failures="0" hostname="paulo-gabriel-lopes-poiatis-imac-2.local" name="com.gmongo.DBCollectionTest" tests="39" time="0.998" timestamp="2010-06-19T23:35:54">
  <properties />
  <testcase classname="com.gmongo.DBCollectionTest" name="testInsert" time="0.359" />
  <testcase classname="com.gmongo.DBCollectionTest" name="testInsertEmbedded" time="0.013" />
  <testcase classname="com.gmongo.DBCollectionTest" name="testInsertEmbeddedSimpleList" time="0.019" />
  <testcase classname="com.gmongo.DBCollectionTest" name="testInsertEmbeddedList" time="0.014" />
  <testcase classname="com.gmongo.DBCollectionTest" name="testInsertOperator" time="0.011" />
  <testcase classname="com.gmongo.DBCollectionTest" name="testMultipleInserts" time="0.037" />
  <testcase classname="com.gmongo.DBCollectionTest" name="testInsertList" time="0.045" />
  <testcase classname="com.gmongo.DBCollectionTest" name="testInsertArray" time="0.015" />
  <testcase classname="com.gmongo.DBCollectionTest" name="testFind" time="0.013" />
  <testcase classname="com.gmongo.DBCollectionTest" name="testFindFields" time="0.01" />
  <testcase classname="com.gmongo.DBCollectionTest" name="testFindOne" time="0.011" />
  <testcase classname="com.gmongo.DBCollectionTest" name="testFindOneFields" time="0.01" />
  <testcase classname="com.gmongo.DBCollectionTest" name="testRename" time="0.011" />
  <testcase classname="com.gmongo.DBCollectionTest" name="testRemove" time="0.022" />
  <testcase classname="com.gmongo.DBCollectionTest" name="testRemoveRightShift" time="0.078" />
  <testcase classname="com.gmongo.DBCollectionTest" name="testSave" time="0.012" />
  <testcase classname="com.gmongo.DBCollectionTest" name="testCount" time="0.033" />
  <testcase classname="com.gmongo.DBCollectionTest" name="testGetFullName" time="0.0080" />
  <testcase classname="com.gmongo.DBCollectionTest" name="testUpdate" time="0.0090" />
  <testcase classname="com.gmongo.DBCollectionTest" name="testUpdateUpsert" time="0.011" />
  <testcase classname="com.gmongo.DBCollectionTest" name="testUpdateUpsertMulti" time="0.013" />
  <testcase classname="com.gmongo.DBCollectionTest" name="testUpdateUpsertMulti2" time="0.013" />
  <testcase classname="com.gmongo.DBCollectionTest" name="testDistinct" time="0.011" />
  <testcase classname="com.gmongo.DBCollectionTest" name="testDistinctQuery" time="0.01" />
  <testcase classname="com.gmongo.DBCollectionTest" name="testApply" time="0.0050" />
  <testcase classname="com.gmongo.DBCollectionTest" name="testCreateIndex" time="0.01" />
  <testcase classname="com.gmongo.DBCollectionTest" name="testEnsureIndex" time="0.0090" />
  <testcase classname="com.gmongo.DBCollectionTest" name="testEnsureIndexOptions" time="0.02" />
  <testcase classname="com.gmongo.DBCollectionTest" name="testEnsureIndexName" time="0.01" />
  <testcase classname="com.gmongo.DBCollectionTest" name="testEnsureIndexUniqueName" time="0.014" />
  <testcase classname="com.gmongo.DBCollectionTest" name="testDropIndexName" time="0.015" />
  <testcase classname="com.gmongo.DBCollectionTest" name="testDropIndex" time="0.01" />
  <testcase classname="com.gmongo.DBCollectionTest" name="testDropIndexes" time="0.01" />
  <testcase classname="com.gmongo.DBCollectionTest" name="testDropIndexesName" time="0.0090" />
  <testcase classname="com.gmongo.DBCollectionTest" name="testGetCount" time="0.0070" />
  <testcase classname="com.gmongo.DBCollectionTest" name="testGetCountQuery" time="0.0080" />
  <testcase classname="com.gmongo.DBCollectionTest" name="testSetHintFields" time="0.0060" />
  <testcase classname="com.gmongo.DBCollectionTest" name="testGroup" time="0.025" />
  <testcase classname="com.gmongo.DBCollectionTest" name="testNothing" time="0.0090" />
  <system-out><![CDATA[]]></system-out>
  <system-err><![CDATA[]]></system-err>
</testsuite>
